<?xml version="1.0" encoding="UTF-8"?>
<testsuite name="com.example.Maptest.PlaceServiceTest" tests="1" skipped="0" failures="1" errors="0" timestamp="2025-03-27T06:50:19.411Z" hostname="DESKTOP-P5R7UTA" time="1.766">
  <properties/>
  <testcase name="searchPlaces_Success()" classname="com.example.Maptest.PlaceServiceTest" time="1.766">
    <failure message="org.mockito.exceptions.misusing.UnnecessaryStubbingException: &#10;Unnecessary stubbings detected.&#10;Clean &amp; maintainable test code requires zero unnecessary code.&#10;Following stubbings are unnecessary (click to navigate to relevant line of code):&#10;  1. -&gt; at com.example.Maptest.PlaceServiceTest.searchPlaces_Success(PlaceServiceTest.java:55)&#10;  2. -&gt; at com.example.Maptest.PlaceServiceTest.searchPlaces_Success(PlaceServiceTest.java:56)&#10;Please remove unnecessary stubbings or use 'lenient' strictness. More info: javadoc for UnnecessaryStubbingException class." type="org.mockito.exceptions.misusing.UnnecessaryStubbingException">org.mockito.exceptions.misusing.UnnecessaryStubbingException: 
Unnecessary stubbings detected.
Clean &amp; maintainable test code requires zero unnecessary code.
Following stubbings are unnecessary (click to navigate to relevant line of code):
  1. -&gt; at com.example.Maptest.PlaceServiceTest.searchPlaces_Success(PlaceServiceTest.java:55)
  2. -&gt; at com.example.Maptest.PlaceServiceTest.searchPlaces_Success(PlaceServiceTest.java:56)
Please remove unnecessary stubbings or use 'lenient' strictness. More info: javadoc for UnnecessaryStubbingException class.
	at app//org.mockito.junit.jupiter.MockitoExtension.afterEach(MockitoExtension.java:197)
	at java.base@21.0.2/java.util.ArrayList.forEach(ArrayList.java:1596)
	at java.base@21.0.2/java.util.ArrayList.forEach(ArrayList.java:1596)
</failure>
  </testcase>
  <system-out><![CDATA[15:50:21.125 [Test worker] WARN com.example.Maptest.service.PlaceService -- API 응답 파싱 실패 - Cannot invoke "String.isEmpty()" because "roadAddress" is null
]]></system-out>
  <system-err><![CDATA[]]></system-err>
</testsuite>
